<?xml version="1.0" encoding="UTF-8"?>
<!-- Generated by org.testng.reporters.JUnitXMLReporter -->
<testsuite ignored="0" hostname="DESKTOP-AD44IUN" failures="0" tests="10" name="Registration Page" time="63.245" errors="0" timestamp="2023-06-06T11:32:31 IST">
  <testcase classname="com.testcases.Register" name="account" time="2.696"/>
  <testcase classname="com.testcases.Register" name="registerPage" time="6.031"/>
  <testcase classname="com.testcases.Register" name="registerPage" time="4.656"/>
  <testcase classname="com.testcases.Register" name="registerPage" time="8.48"/>
  <testcase classname="com.testcases.Register" name="registerPage" time="5.633"/>
  <testcase classname="com.testcases.Register" name="registerPage" time="4.008"/>
  <testcase classname="com.testcases.Register" name="registerPage" time="4.53"/>
  <testcase classname="com.testcases.Register" name="registerPage" time="4.305"/>
  <testcase classname="com.testcases.Register" name="registerPage" time="3.886"/>
  <testcase classname="com.testcases.Register" name="registerPage" time="4.292"/>
</testsuite> <!-- Registration Page -->
