<?xml version="1.0" encoding="UTF-8"?>
<testng-results ignored="0" total="10" passed="10" failed="0" skipped="0">
  <reporter-output>
  </reporter-output>
  <suite started-at="2023-06-06T11:31:27 IST" name="Suite" finished-at="2023-06-06T11:32:31 IST" duration-ms="63245">
    <groups>
    </groups>
    <test started-at="2023-06-06T11:31:27 IST" name="Registration Page" finished-at="2023-06-06T11:32:31 IST" duration-ms="63245">
      <class name="com.testcases.Register">
        <test-method is-config="true" signature="setup(java.lang.String)[pri:0, instance:com.testcases.Register@576d5deb]" started-at="2023-06-06T11:31:27 IST" name="setup" finished-at="2023-06-06T11:31:35 IST" duration-ms="7831" status="PASS">
          <params>
            <param index="0">
              <value>
                <![CDATA[chrome]]>
              </value>
            </param>
          </params>
          <reporter-output>
          </reporter-output>
        </test-method> <!-- setup -->
        <test-method signature="account()[pri:1, instance:com.testcases.Register@576d5deb]" started-at="2023-06-06T11:31:35 IST" name="account" finished-at="2023-06-06T11:31:38 IST" duration-ms="2696" status="PASS">
          <reporter-output>
          </reporter-output>
        </test-method> <!-- account -->
        <test-method signature="registerPage(java.lang.String,java.lang.String,java.lang.String,java.lang.String,java.lang.String,java.lang.String)[pri:2, instance:com.testcases.Register@576d5deb]" started-at="2023-06-06T11:31:44 IST" name="registerPage" data-provider="test" finished-at="2023-06-06T11:31:50 IST" duration-ms="6031" status="PASS">
          <params>
            <param index="0">
              <value>
                <![CDATA[abc wynisco]]>
              </value>
            </param>
            <param index="1">
              <value>
                <![CDATA[test]]>
              </value>
            </param>
            <param index="2">
              <value>
                <![CDATA[ninja201@gmail.com]]>
              </value>
            </param>
            <param index="3">
              <value>
                <![CDATA[789456123]]>
              </value>
            </param>
            <param index="4">
              <value>
                <![CDATA[test@2123]]>
              </value>
            </param>
            <param index="5">
              <value>
                <![CDATA[test@2123]]>
              </value>
            </param>
          </params>
          <reporter-output>
          </reporter-output>
        </test-method> <!-- registerPage -->
        <test-method signature="registerPage(java.lang.String,java.lang.String,java.lang.String,java.lang.String,java.lang.String,java.lang.String)[pri:2, instance:com.testcases.Register@576d5deb]" started-at="2023-06-06T11:31:50 IST" name="registerPage" data-provider="test" finished-at="2023-06-06T11:31:55 IST" duration-ms="4656" status="PASS">
          <params>
            <param index="0">
              <value>
                <![CDATA[def]]>
              </value>
            </param>
            <param index="1">
              <value>
                <![CDATA[test]]>
              </value>
            </param>
            <param index="2">
              <value>
                <![CDATA[ninja202@gmail.com]]>
              </value>
            </param>
            <param index="3">
              <value>
                <![CDATA[789456123]]>
              </value>
            </param>
            <param index="4">
              <value>
                <![CDATA[test@2123]]>
              </value>
            </param>
            <param index="5">
              <value>
                <![CDATA[test@2123]]>
              </value>
            </param>
          </params>
          <reporter-output>
          </reporter-output>
        </test-method> <!-- registerPage -->
        <test-method signature="registerPage(java.lang.String,java.lang.String,java.lang.String,java.lang.String,java.lang.String,java.lang.String)[pri:2, instance:com.testcases.Register@576d5deb]" started-at="2023-06-06T11:31:55 IST" name="registerPage" data-provider="test" finished-at="2023-06-06T11:32:03 IST" duration-ms="8480" status="PASS">
          <params>
            <param index="0">
              <value>
                <![CDATA[ghi]]>
              </value>
            </param>
            <param index="1">
              <value>
                <![CDATA[test]]>
              </value>
            </param>
            <param index="2">
              <value>
                <![CDATA[ninja203@gmail.com]]>
              </value>
            </param>
            <param index="3">
              <value>
                <![CDATA[789456123]]>
              </value>
            </param>
            <param index="4">
              <value>
                <![CDATA[test@2123]]>
              </value>
            </param>
            <param index="5">
              <value>
                <![CDATA[test@2123]]>
              </value>
            </param>
          </params>
          <reporter-output>
          </reporter-output>
        </test-method> <!-- registerPage -->
        <test-method signature="registerPage(java.lang.String,java.lang.String,java.lang.String,java.lang.String,java.lang.String,java.lang.String)[pri:2, instance:com.testcases.Register@576d5deb]" started-at="2023-06-06T11:32:03 IST" name="registerPage" data-provider="test" finished-at="2023-06-06T11:32:09 IST" duration-ms="5633" status="PASS">
          <params>
            <param index="0">
              <value>
                <![CDATA[jkl]]>
              </value>
            </param>
            <param index="1">
              <value>
                <![CDATA[test]]>
              </value>
            </param>
            <param index="2">
              <value>
                <![CDATA[ninja204@gmail.com]]>
              </value>
            </param>
            <param index="3">
              <value>
                <![CDATA[789456123]]>
              </value>
            </param>
            <param index="4">
              <value>
                <![CDATA[test@2123]]>
              </value>
            </param>
            <param index="5">
              <value>
                <![CDATA[test@2123]]>
              </value>
            </param>
          </params>
          <reporter-output>
          </reporter-output>
        </test-method> <!-- registerPage -->
        <test-method signature="registerPage(java.lang.String,java.lang.String,java.lang.String,java.lang.String,java.lang.String,java.lang.String)[pri:2, instance:com.testcases.Register@576d5deb]" started-at="2023-06-06T11:32:09 IST" name="registerPage" data-provider="test" finished-at="2023-06-06T11:32:13 IST" duration-ms="4008" status="PASS">
          <params>
            <param index="0">
              <value>
                <![CDATA[mno]]>
              </value>
            </param>
            <param index="1">
              <value>
                <![CDATA[test]]>
              </value>
            </param>
            <param index="2">
              <value>
                <![CDATA[ninja205@gmail.com]]>
              </value>
            </param>
            <param index="3">
              <value>
                <![CDATA[789456123]]>
              </value>
            </param>
            <param index="4">
              <value>
                <![CDATA[test@2123]]>
              </value>
            </param>
            <param index="5">
              <value>
                <![CDATA[test@2123]]>
              </value>
            </param>
          </params>
          <reporter-output>
          </reporter-output>
        </test-method> <!-- registerPage -->
        <test-method signature="registerPage(java.lang.String,java.lang.String,java.lang.String,java.lang.String,java.lang.String,java.lang.String)[pri:2, instance:com.testcases.Register@576d5deb]" started-at="2023-06-06T11:32:13 IST" name="registerPage" data-provider="test" finished-at="2023-06-06T11:32:17 IST" duration-ms="4530" status="PASS">
          <params>
            <param index="0">
              <value>
                <![CDATA[pqr]]>
              </value>
            </param>
            <param index="1">
              <value>
                <![CDATA[test]]>
              </value>
            </param>
            <param index="2">
              <value>
                <![CDATA[ninja206@gmail.com]]>
              </value>
            </param>
            <param index="3">
              <value>
                <![CDATA[789456123]]>
              </value>
            </param>
            <param index="4">
              <value>
                <![CDATA[test@2123]]>
              </value>
            </param>
            <param index="5">
              <value>
                <![CDATA[test@2123]]>
              </value>
            </param>
          </params>
          <reporter-output>
          </reporter-output>
        </test-method> <!-- registerPage -->
        <test-method signature="registerPage(java.lang.String,java.lang.String,java.lang.String,java.lang.String,java.lang.String,java.lang.String)[pri:2, instance:com.testcases.Register@576d5deb]" started-at="2023-06-06T11:32:17 IST" name="registerPage" data-provider="test" finished-at="2023-06-06T11:32:22 IST" duration-ms="4305" status="PASS">
          <params>
            <param index="0">
              <value>
                <![CDATA[stu]]>
              </value>
            </param>
            <param index="1">
              <value>
                <![CDATA[test]]>
              </value>
            </param>
            <param index="2">
              <value>
                <![CDATA[ninja207@gmail.com]]>
              </value>
            </param>
            <param index="3">
              <value>
                <![CDATA[789456123]]>
              </value>
            </param>
            <param index="4">
              <value>
                <![CDATA[test@2123]]>
              </value>
            </param>
            <param index="5">
              <value>
                <![CDATA[test@2123]]>
              </value>
            </param>
          </params>
          <reporter-output>
          </reporter-output>
        </test-method> <!-- registerPage -->
        <test-method signature="registerPage(java.lang.String,java.lang.String,java.lang.String,java.lang.String,java.lang.String,java.lang.String)[pri:2, instance:com.testcases.Register@576d5deb]" started-at="2023-06-06T11:32:22 IST" name="registerPage" data-provider="test" finished-at="2023-06-06T11:32:26 IST" duration-ms="3886" status="PASS">
          <params>
            <param index="0">
              <value>
                <![CDATA[vwy]]>
              </value>
            </param>
            <param index="1">
              <value>
                <![CDATA[test]]>
              </value>
            </param>
            <param index="2">
              <value>
                <![CDATA[ninja208@gmail.com]]>
              </value>
            </param>
            <param index="3">
              <value>
                <![CDATA[789456123]]>
              </value>
            </param>
            <param index="4">
              <value>
                <![CDATA[test@2123]]>
              </value>
            </param>
            <param index="5">
              <value>
                <![CDATA[test@2123]]>
              </value>
            </param>
          </params>
          <reporter-output>
          </reporter-output>
        </test-method> <!-- registerPage -->
        <test-method signature="registerPage(java.lang.String,java.lang.String,java.lang.String,java.lang.String,java.lang.String,java.lang.String)[pri:2, instance:com.testcases.Register@576d5deb]" started-at="2023-06-06T11:32:26 IST" name="registerPage" data-provider="test" finished-at="2023-06-06T11:32:30 IST" duration-ms="4292" status="PASS">
          <params>
            <param index="0">
              <value>
                <![CDATA[xz]]>
              </value>
            </param>
            <param index="1">
              <value>
                <![CDATA[test]]>
              </value>
            </param>
            <param index="2">
              <value>
                <![CDATA[ninja209@gmail.com]]>
              </value>
            </param>
            <param index="3">
              <value>
                <![CDATA[789456123]]>
              </value>
            </param>
            <param index="4">
              <value>
                <![CDATA[test@2123]]>
              </value>
            </param>
            <param index="5">
              <value>
                <![CDATA[test@2123]]>
              </value>
            </param>
          </params>
          <reporter-output>
          </reporter-output>
        </test-method> <!-- registerPage -->
        <test-method is-config="true" signature="tearDown()[pri:0, instance:com.testcases.Register@576d5deb]" started-at="2023-06-06T11:32:30 IST" name="tearDown" finished-at="2023-06-06T11:32:31 IST" duration-ms="813" status="PASS">
          <reporter-output>
          </reporter-output>
        </test-method> <!-- tearDown -->
      </class> <!-- com.testcases.Register -->
    </test> <!-- Registration Page -->
  </suite> <!-- Suite -->
</testng-results>
